Using pre-set license
Built from '2020.3/release' branch; Version is '2020.3.7f1 (dd97f2c94397) revision 14522354'; Using compiler version '192528614'; Build Type 'Release'
OS: 'Windows 10 Enterprise; OS build 19041.1415; Version 2004; 64bit' Language: 'en' Physical Memory: 32683 MB
BatchMode: 1, IsHumanControllingUs: 0, StartBugReporterOnCrash: 0, Is64bit: 1, IsPro: 0

 COMMAND LINE ARGUMENTS:
C:\Program Files\Unity\Editor\Unity.exe
-adb2
-batchMode
-noUpm
-name
AssetImportWorker0
-projectPath
C:/Users/nradonic/Documents/Noah_GAD170_1
-logFile
Logs/AssetImportWorker0.log
-srvPort
52602
Successfully changed project path to: C:/Users/nradonic/Documents/Noah_GAD170_1
C:/Users/nradonic/Documents/Noah_GAD170_1
Using Asset Import Pipeline V2.
Refreshing native plugins compatible for Editor in 33.05 ms, found 2 plugins.
Preloading 0 native plugins for Editor in 0.00 ms.
Initialize engine version: 2020.3.7f1 (dd97f2c94397)
[Subsystems] Discovering subsystems at path C:/Program Files/Unity/Editor/Data/Resources/UnitySubsystems
[Subsystems] Discovering subsystems at path C:/Users/nradonic/Documents/Noah_GAD170_1/Assets
GfxDevice: creating device client; threaded=0
Direct3D:
    Version:  Direct3D 11.0 [level 11.1]
    Renderer: NVIDIA GeForce GTX 980 (ID=0x13c0)
    Vendor:   
    VRAM:     4053 MB
    Driver:   27.21.14.5671
Initialize mono
Mono path[0] = 'C:/Program Files/Unity/Editor/Data/Managed'
Mono path[1] = 'C:/Program Files/Unity/Editor/Data/MonoBleedingEdge/lib/mono/unityjit'
Mono config path = 'C:/Program Files/Unity/Editor/Data/MonoBleedingEdge/etc'
Using monoOptions --debugger-agent=transport=dt_socket,embedding=1,server=y,suspend=n,address=127.0.0.1:56884
Begin MonoManager ReloadAssembly
Registering precompiled unity dll's ...
Register platform support module: C:/Program Files/Unity/Editor/Data/PlaybackEngines/WindowsStandaloneSupport/UnityEditor.WindowsStandalone.Extensions.dll
Registered in 0.003810 seconds.
Native extension for WindowsStandalone target not found
Refreshing native plugins compatible for Editor in 28.89 ms, found 2 plugins.
Preloading 0 native plugins for Editor in 0.00 ms.
Mono: successfully reloaded assembly
- Completed reload, in  1.214 seconds
Platform modules already initialized, skipping
Registering precompiled user dll's ...
Registered in 0.009661 seconds.
Begin MonoManager ReloadAssembly
Native extension for WindowsStandalone target not found
Refreshing native plugins compatible for Editor in 0.37 ms, found 2 plugins.
Preloading 0 native plugins for Editor in 0.00 ms.
Mono: successfully reloaded assembly
- Completed reload, in  1.075 seconds
Platform modules already initialized, skipping
========================================================================
Worker process is ready to serve import requests
Launched and connected shader compiler UnityShaderCompiler.exe after 0.08 seconds
Refreshing native plugins compatible for Editor in 0.34 ms, found 2 plugins.
Preloading 0 native plugins for Editor in 0.00 ms.
Unloading 1505 Unused Serialized files (Serialized files now loaded: 0)
System memory in use before: 67.5 MB.
System memory in use after: 67.6 MB.

Unloading 19 unused Assets to reduce memory usage. Loaded Objects now: 1937.
Total: 2.249000 ms (FindLiveObjects: 0.265500 ms CreateObjectMapping: 0.132000 ms MarkObjects: 1.740300 ms  DeleteObjects: 0.110300 ms)

========================================================================
Received Import Request.
  path: Assets/Assests
  artifactKey: Guid(0ced62e9b1c2ec8458a39e971f000c76) Importer(815301076,1909f56bfc062723c751e8b465ee728b)
Start importing Assets/Assests using Guid(0ced62e9b1c2ec8458a39e971f000c76) Importer(815301076,1909f56bfc062723c751e8b465ee728b)  -> (artifact id: 'cecfc45a22b8b33a6abd29ec257d8bcf') in 0.008496 seconds
  Import took 0.012728 seconds .

========================================================================
Received Import Request.
  Time since last request: 0.000537 seconds.
  path: Assets/Assests/f95sl0lt84851.png
  artifactKey: Guid(f7eac7ec01efec047b1ae73dbd9f48d8) Importer(815301076,1909f56bfc062723c751e8b465ee728b)
Start importing Assets/Assests/f95sl0lt84851.png using Guid(f7eac7ec01efec047b1ae73dbd9f48d8) Importer(815301076,1909f56bfc062723c751e8b465ee728b)  -> (artifact id: '4e44095183753a6fd7c2d2ff83d12188') in 0.081507 seconds
  Import took 0.084742 seconds .

========================================================================
Received Import Request.
  Time since last request: 0.081752 seconds.
  path: Assets/Prefab/Cube.prefab
  artifactKey: Guid(1539ff547115afe4f92620a5dba4ae3f) Importer(815301076,1909f56bfc062723c751e8b465ee728b)
Start importing Assets/Prefab/Cube.prefab using Guid(1539ff547115afe4f92620a5dba4ae3f) Importer(815301076,1909f56bfc062723c751e8b465ee728b)  -> (artifact id: 'be1d101c37a8622a4d65c2957b351043') in 0.306266 seconds
  Import took 0.308741 seconds .

AssetImportWorkerClient::OnTransportError - code=2 error=End of file
