Using pre-set license
Built from '2020.3/release' branch; Version is '2020.3.27f1 (e759542391ea) revision 15161684'; Using compiler version '192528614'; Build Type 'Release'
OS: 'Windows 10  (10.0.19044) 64bit ProfessionalEducation' Language: 'en' Physical Memory: 3623 MB
BatchMode: 1, IsHumanControllingUs: 0, StartBugReporterOnCrash: 0, Is64bit: 1, IsPro: 0

COMMAND LINE ARGUMENTS:
C:\Program Files\Unity\Hub\Editor\2020.3.27f1\Editor\Unity.exe
-adb2
-batchMode
-noUpm
-name
AssetImportWorker17
-projectPath
C:/Users/DuskUbe/Documents/GitHub/Noah_GAD170_1
-logFile
Logs/AssetImportWorker17.log
-srvPort
52947
Successfully changed project path to: C:/Users/DuskUbe/Documents/GitHub/Noah_GAD170_1
C:/Users/DuskUbe/Documents/GitHub/Noah_GAD170_1
Using Asset Import Pipeline V2.
Refreshing native plugins compatible for Editor in 293.13 ms, found 2 plugins.
Preloading 0 native plugins for Editor in 0.00 ms.
Initialize engine version: 2020.3.27f1 (e759542391ea)
[Subsystems] Discovering subsystems at path C:/Program Files/Unity/Hub/Editor/2020.3.27f1/Editor/Data/Resources/UnitySubsystems
[Subsystems] Discovering subsystems at path C:/Users/DuskUbe/Documents/GitHub/Noah_GAD170_1/Assets
GfxDevice: creating device client; threaded=0
Direct3D:
    Version:  Direct3D 11.0 [level 11.1]
    Renderer: Intel(R) HD Graphics 500 (ID=0x5a85)
    Vendor:   
    VRAM:     1811 MB
    Driver:   26.20.100.7263
Initialize mono
Mono path[0] = 'C:/Program Files/Unity/Hub/Editor/2020.3.27f1/Editor/Data/Managed'
Mono path[1] = 'C:/Program Files/Unity/Hub/Editor/2020.3.27f1/Editor/Data/MonoBleedingEdge/lib/mono/unityjit'
Mono config path = 'C:/Program Files/Unity/Hub/Editor/2020.3.27f1/Editor/Data/MonoBleedingEdge/etc'
Using monoOptions --debugger-agent=transport=dt_socket,embedding=1,server=y,suspend=n,address=127.0.0.1:56432
Begin MonoManager ReloadAssembly
Registering precompiled unity dll's ...
Register platform support module: C:/Program Files/Unity/Hub/Editor/2020.3.27f1/Editor/Data/PlaybackEngines/WindowsStandaloneSupport/UnityEditor.WindowsStandalone.Extensions.dll
Registered in 0.009373 seconds.
Native extension for WindowsStandalone target not found
Refreshing native plugins compatible for Editor in 482.67 ms, found 2 plugins.
Preloading 0 native plugins for Editor in 0.00 ms.
Mono: successfully reloaded assembly
- Completed reload, in  5.094 seconds
Domain Reload Profiling:
	ReloadAssembly (5097ms)
		BeginReloadAssembly (485ms)
			ExecutionOrderSort (0ms)
			DisableScriptedObjects (0ms)
			BackupInstance (0ms)
			ReleaseScriptingObjects (0ms)
			CreateAndSetChildDomain (3ms)
		EndReloadAssembly (4078ms)
			LoadAssemblies (472ms)
			RebuildTransferFunctionScriptingTraits (0ms)
			SetupTypeCache (1059ms)
			ReleaseScriptCaches (0ms)
			RebuildScriptCaches (215ms)
			SetupLoadedEditorAssemblies (1920ms)
				LogAssemblyErrors (0ms)
				InitializePlatformSupportModulesInManaged (22ms)
				SetLoadedEditorAssemblies (1ms)
				RefreshPlugins (483ms)
				BeforeProcessingInitializeOnLoad (139ms)
				ProcessInitializeOnLoadAttributes (996ms)
				ProcessInitializeOnLoadMethodAttributes (277ms)
				AfterProcessingInitializeOnLoad (1ms)
				EditorAssembliesLoaded (2ms)
			ExecutionOrderSort2 (0ms)
			AwakeInstancesAfterBackupRestoration (0ms)
Platform modules already initialized, skipping
Registering precompiled user dll's ...
Registered in 0.059015 seconds.
Begin MonoManager ReloadAssembly
Native extension for WindowsStandalone target not found
Refreshing native plugins compatible for Editor in 1.58 ms, found 2 plugins.
Preloading 0 native plugins for Editor in 0.00 ms.
Mono: successfully reloaded assembly
- Completed reload, in  9.896 seconds
Domain Reload Profiling:
	ReloadAssembly (9911ms)
		BeginReloadAssembly (1514ms)
			ExecutionOrderSort (0ms)
			DisableScriptedObjects (60ms)
			BackupInstance (0ms)
			ReleaseScriptingObjects (0ms)
			CreateAndSetChildDomain (116ms)
		EndReloadAssembly (7793ms)
			LoadAssemblies (945ms)
			RebuildTransferFunctionScriptingTraits (5ms)
			SetupTypeCache (2600ms)
			ReleaseScriptCaches (2ms)
			RebuildScriptCaches (431ms)
			SetupLoadedEditorAssemblies (3015ms)
				LogAssemblyErrors (0ms)
				InitializePlatformSupportModulesInManaged (51ms)
				SetLoadedEditorAssemblies (3ms)
				RefreshPlugins (2ms)
				BeforeProcessingInitializeOnLoad (595ms)
				ProcessInitializeOnLoadAttributes (2187ms)
				ProcessInitializeOnLoadMethodAttributes (90ms)
				AfterProcessingInitializeOnLoad (85ms)
				EditorAssembliesLoaded (1ms)
			ExecutionOrderSort2 (0ms)
			AwakeInstancesAfterBackupRestoration (78ms)
Platform modules already initialized, skipping
========================================================================
Worker process is ready to serve import requests
Launched and connected shader compiler UnityShaderCompiler.exe after 0.55 seconds
Refreshing native plugins compatible for Editor in 2.34 ms, found 2 plugins.
Preloading 0 native plugins for Editor in 0.00 ms.
Unloading 1505 Unused Serialized files (Serialized files now loaded: 0)
System memory in use before: 67.6 MB.
System memory in use after: 67.7 MB.

Unloading 19 unused Assets to reduce memory usage. Loaded Objects now: 1937.
Total: 48.994000 ms (FindLiveObjects: 0.687800 ms CreateObjectMapping: 0.597300 ms MarkObjects: 38.834700 ms  DeleteObjects: 8.865000 ms)

AssetImportParameters requested are different than current active one (requested -> active):
  custom:framework-win-MediaFoundation: 216162199b28c13a410421893ffa2e32 -> 
  custom:video-decoder-ogg-theora: a1e56fd34408186e4bbccfd4996cb3dc -> 
  custom:container-muxer-webm: aa71ff27fc2769a1b78a27578f13a17b -> 
  custom:container-demuxer-webm: 4f35f7cbe854078d1ac9338744f61a02 -> 
  custom:container-demuxer-ogg: 62fdf1f143b41e24485cea50d1cbac27 -> 
  custom:video-encoder-webm-vp8: eb34c28f22e8b96e1ab97ce403110664 -> 
  custom:video-decoder-webm-vp8: 9c59270c3fd7afecdb556c50c9e8de78 -> 
  custom:audio-decoder-ogg-vorbis: bf7c407c2cedff20999df2af8eb42d56 -> 
  custom:audio-encoder-webm-vorbis: bf7c407c2cedff20999df2af8eb42d56 -> 
========================================================================
Received Import Request.
  path: Assets/XPsystem.cs
  artifactKey: Guid(9528a837bf88eaa4d8b0e7d0d7f33d32) Importer(815301076,1909f56bfc062723c751e8b465ee728b)
Start importing Assets/XPsystem.cs using Guid(9528a837bf88eaa4d8b0e7d0d7f33d32) Importer(815301076,1909f56bfc062723c751e8b465ee728b)  -> (artifact id: 'f2db271115ace1e380fe848bac483fdd') in 1.338939 seconds 
  Import took 1.360515 seconds .

========================================================================
Received Import Request.
  Time since last request: 2869.440173 seconds.
  path: Assets/RacingScript.cs
  artifactKey: Guid(7ae5fb7ef46ad8a44a8ceeaaeb258d33) Importer(815301076,1909f56bfc062723c751e8b465ee728b)
Start importing Assets/RacingScript.cs using Guid(7ae5fb7ef46ad8a44a8ceeaaeb258d33) Importer(815301076,1909f56bfc062723c751e8b465ee728b)  -> (artifact id: '9b15c0dc300f7b25470343c22ff5217e') in 0.187690 seconds 
  Import took 0.871477 seconds .

========================================================================
Received Prepare
Registering precompiled user dll's ...
Registered in 0.050346 seconds.
Begin MonoManager ReloadAssembly
Native extension for WindowsStandalone target not found
Refreshing native plugins compatible for Editor in 5.67 ms, found 2 plugins.
Preloading 0 native plugins for Editor in 0.00 ms.
Mono: successfully reloaded assembly
- Completed reload, in  8.683 seconds
Domain Reload Profiling:
	ReloadAssembly (8711ms)
		BeginReloadAssembly (1904ms)
			ExecutionOrderSort (0ms)
			DisableScriptedObjects (200ms)
			BackupInstance (0ms)
			ReleaseScriptingObjects (1ms)
			CreateAndSetChildDomain (634ms)
		EndReloadAssembly (6227ms)
			LoadAssemblies (1185ms)
			RebuildTransferFunctionScriptingTraits (1ms)
			SetupTypeCache (2011ms)
			ReleaseScriptCaches (3ms)
			RebuildScriptCaches (310ms)
			SetupLoadedEditorAssemblies (2282ms)
				LogAssemblyErrors (0ms)
				InitializePlatformSupportModulesInManaged (46ms)
				SetLoadedEditorAssemblies (5ms)
				RefreshPlugins (7ms)
				BeforeProcessingInitializeOnLoad (463ms)
				ProcessInitializeOnLoadAttributes (1689ms)
				ProcessInitializeOnLoadMethodAttributes (41ms)
				AfterProcessingInitializeOnLoad (30ms)
				EditorAssembliesLoaded (1ms)
			ExecutionOrderSort2 (0ms)
			AwakeInstancesAfterBackupRestoration (33ms)
Platform modules already initialized, skipping
Refreshing native plugins compatible for Editor in 1.37 ms, found 2 plugins.
Preloading 0 native plugins for Editor in 0.00 ms.
Unloading 1499 Unused Serialized files (Serialized files now loaded: 0)
System memory in use before: 67.5 MB.
System memory in use after: 67.6 MB.

Unloading 14 unused Assets to reduce memory usage. Loaded Objects now: 1939.
Total: 11.152200 ms (FindLiveObjects: 0.781200 ms CreateObjectMapping: 0.486100 ms MarkObjects: 9.775900 ms  DeleteObjects: 0.102800 ms)

AssetImportParameters requested are different than current active one (requested -> active):
  custom:framework-win-MediaFoundation: 216162199b28c13a410421893ffa2e32 -> 
  custom:video-decoder-ogg-theora: a1e56fd34408186e4bbccfd4996cb3dc -> 
  custom:container-muxer-webm: aa71ff27fc2769a1b78a27578f13a17b -> 
  custom:container-demuxer-webm: 4f35f7cbe854078d1ac9338744f61a02 -> 
  custom:container-demuxer-ogg: 62fdf1f143b41e24485cea50d1cbac27 -> 
  custom:video-encoder-webm-vp8: eb34c28f22e8b96e1ab97ce403110664 -> 
  custom:video-decoder-webm-vp8: 9c59270c3fd7afecdb556c50c9e8de78 -> 
  custom:audio-decoder-ogg-vorbis: bf7c407c2cedff20999df2af8eb42d56 -> 
  custom:audio-encoder-webm-vorbis: bf7c407c2cedff20999df2af8eb42d56 -> 
========================================================================
Received Import Request.
  Time since last request: 1449.327062 seconds.
  path: Assets/XPsystem.cs
  artifactKey: Guid(9528a837bf88eaa4d8b0e7d0d7f33d32) Importer(815301076,1909f56bfc062723c751e8b465ee728b)
Start importing Assets/XPsystem.cs using Guid(9528a837bf88eaa4d8b0e7d0d7f33d32) Importer(815301076,1909f56bfc062723c751e8b465ee728b)  -> (artifact id: '3f249bdb9a28c2cbaa009ae3b730eb11') in 0.034024 seconds 
  Import took 0.065842 seconds .

AssetImportWorkerClient::OnTransportError - code=2 error=End of file
