Using pre-set license
Built from '2020.3/release' branch; Version is '2020.3.27f1 (e759542391ea) revision 15161684'; Using compiler version '192528614'; Build Type 'Release'
OS: 'Windows 10  (10.0.19044) 64bit ProfessionalEducation' Language: 'en' Physical Memory: 3623 MB
BatchMode: 1, IsHumanControllingUs: 0, StartBugReporterOnCrash: 0, Is64bit: 1, IsPro: 0

COMMAND LINE ARGUMENTS:
C:\Program Files\Unity\Hub\Editor\2020.3.27f1\Editor\Unity.exe
-adb2
-batchMode
-noUpm
-name
AssetImportWorker6
-projectPath
C:/Users/DuskUbe/Documents/GitHub/Noah_GAD170_1
-logFile
Logs/AssetImportWorker6.log
-srvPort
52947
Successfully changed project path to: C:/Users/DuskUbe/Documents/GitHub/Noah_GAD170_1
C:/Users/DuskUbe/Documents/GitHub/Noah_GAD170_1
Using Asset Import Pipeline V2.
Refreshing native plugins compatible for Editor in 1626.09 ms, found 2 plugins.
Preloading 0 native plugins for Editor in 0.00 ms.
Initialize engine version: 2020.3.27f1 (e759542391ea)
[Subsystems] Discovering subsystems at path C:/Program Files/Unity/Hub/Editor/2020.3.27f1/Editor/Data/Resources/UnitySubsystems
[Subsystems] Discovering subsystems at path C:/Users/DuskUbe/Documents/GitHub/Noah_GAD170_1/Assets
GfxDevice: creating device client; threaded=0
